
=== Sat Mar 14 17:53:36 2020

Packages were changed.
Update Mode: mergeDefaultDependencies

The following packages were added:
  com.unity.ext.nunit@1.0.0
  com.unity.test-framework@1.0.14
  com.unity.ide.vscode@1.0.7
  com.unity.ide.visualstudio@1.0.11
  com.unity.ide.rider@1.0.8
  com.unity.ugui@1.0.0
The following packages were updated:
  com.unity.textmeshpro from version 2.0.0 to 2.0.1
  com.unity.timeline from version 1.0.0 to 1.1.0

=== Sun Apr 12 15:12:04 2020

Packages were changed.
Update Mode: updateDependencies

The following packages were updated:
  com.unity.collab-proxy from version 1.2.16 to 1.3.7
  com.unity.ide.rider from version 1.0.8 to 1.2.1
  com.unity.ide.visualstudio from version 1.0.11 to 2.0.0
  com.unity.ide.vscode from version 1.0.7 to 1.1.4
  com.unity.render-pipelines.high-definition from version 6.5.2-preview to 8.0.1
  com.unity.shadergraph from version 6.5.3 to 8.0.1
  com.unity.test-framework from version 1.0.14 to 1.1.13
  com.unity.textmeshpro from version 2.0.1 to 3.0.0-preview.1
  com.unity.timeline from version 1.1.0 to 1.2.6

=== Sat May  2 14:24:22 2020

Packages were changed.
Update Mode: updateDependencies

The following packages were updated:
  com.unity.ide.visualstudio from version 2.0.0 to 2.0.1
  com.unity.ide.vscode from version 1.1.4 to 1.2.0
